# JRE version: Java(TM) SE Runtime Environment (8.0_281-b09) (build 1.8.0_281-b09)
# Java VM: Java HotSpot(TM) 64-Bit Server VM (25.281-b09 mixed mode windows-amd64 compressed oops)
Heap:
 PSYoungGen      total 123392K, used 38290K [0x00000000d6500000, 0x00000000df500000, 0x0000000100000000)
  eden space 115200K, 33% used [0x00000000d6500000,0x00000000d8a64818,0x00000000dd580000)
  from space 8192K, 0% used [0x00000000ded00000,0x00000000ded00000,0x00000000df500000)
  to   space 9216K, 0% used [0x00000000de300000,0x00000000de300000,0x00000000dec00000)
 ParOldGen       total 49664K, used 15338K [0x0000000082e00000, 0x0000000085e80000, 0x00000000d6500000)
  object space 49664K, 30% used [0x0000000082e00000,0x0000000083cfaa78,0x0000000085e80000)
 Metaspace       used 37197K, capacity 39610K, committed 39808K, reserved 1083392K
  class space    used 4952K, capacity 5389K, committed 5504K, reserved 1048576K
GC Heap History (10 events):
Event: 3.137 GC heap before
{Heap before GC invocations=6 (full 1):
 PSYoungGen      total 70656K, used 5095K [0x00000000d6500000, 0x00000000df500000, 0x0000000100000000)
  eden space 65536K, 0% used [0x00000000d6500000,0x00000000d6500000,0x00000000da500000)
  from space 5120K, 99% used [0x00000000da500000,0x00000000da9f9ee0,0x00000000daa00000)
  to   space 8192K, 0% used [0x00000000ded00000,0x00000000ded00000,0x00000000df500000)
 ParOldGen       total 86016K, used 5264K [0x0000000082e00000, 0x0000000088200000, 0x00000000d6500000)
  object space 86016K, 6% used [0x0000000082e00000,0x00000000833242d8,0x0000000088200000)
 Metaspace       used 19709K, capacity 21198K, committed 21296K, reserved 1067008K
  class space    used 2564K, capacity 2883K, committed 2944K, reserved 1048576K
Event: 3.182 GC heap after
Heap after GC invocations=6 (full 1):
 PSYoungGen      total 70656K, used 0K [0x00000000d6500000, 0x00000000df500000, 0x0000000100000000)
  eden space 65536K, 0% used [0x00000000d6500000,0x00000000d6500000,0x00000000da500000)
  from space 5120K, 0% used [0x00000000da500000,0x00000000da500000,0x00000000daa00000)
  to   space 8192K, 0% used [0x00000000ded00000,0x00000000ded00000,0x00000000df500000)
 ParOldGen       total 49664K, used 6720K [0x0000000082e00000, 0x0000000085e80000, 0x00000000d6500000)
  object space 49664K, 13% used [0x0000000082e00000,0x0000000083490228,0x0000000085e80000)
 Metaspace       used 19709K, capacity 21198K, committed 21296K, reserved 1067008K
  class space    used 2564K, capacity 2883K, committed 2944K, reserved 1048576K
}
Event: 3.902 GC heap before
{Heap before GC invocations=7 (full 1):
 PSYoungGen      total 70656K, used 65536K [0x00000000d6500000, 0x00000000df500000, 0x0000000100000000)
  eden space 65536K, 100% used [0x00000000d6500000,0x00000000da500000,0x00000000da500000)
  from space 5120K, 0% used [0x00000000da500000,0x00000000da500000,0x00000000daa00000)
  to   space 8192K, 0% used [0x00000000ded00000,0x00000000ded00000,0x00000000df500000)
 ParOldGen       total 49664K, used 6720K [0x0000000082e00000, 0x0000000085e80000, 0x00000000d6500000)
  object space 49664K, 13% used [0x0000000082e00000,0x0000000083490228,0x0000000085e80000)
 Metaspace       used 23220K, capacity 24824K, committed 24960K, reserved 1071104K
  class space    used 3037K, capacity 3356K, committed 3456K, reserved 1048576K
Event: 3.915 GC heap after
Heap after GC invocations=7 (full 1):
 PSYoungGen      total 123392K, used 7757K [0x00000000d6500000, 0x00000000df500000, 0x0000000100000000)
  eden space 115200K, 0% used [0x00000000d6500000,0x00000000d6500000,0x00000000dd580000)
  from space 8192K, 94% used [0x00000000ded00000,0x00000000df493758,0x00000000df500000)
  to   space 9216K, 0% used [0x00000000de300000,0x00000000de300000,0x00000000dec00000)
 ParOldGen       total 49664K, used 6720K [0x0000000082e00000, 0x0000000085e80000, 0x00000000d6500000)
  object space 49664K, 13% used [0x0000000082e00000,0x0000000083490228,0x0000000085e80000)
 Metaspace       used 23220K, capacity 24824K, committed 24960K, reserved 1071104K
  class space    used 3037K, capacity 3356K, committed 3456K, reserved 1048576K
}
Event: 5.114 GC heap before
{Heap before GC invocations=8 (full 1):
 PSYoungGen      total 123392K, used 122957K [0x00000000d6500000, 0x00000000df500000, 0x0000000100000000)
  eden space 115200K, 100% used [0x00000000d6500000,0x00000000dd580000,0x00000000dd580000)
  from space 8192K, 94% used [0x00000000ded00000,0x00000000df493758,0x00000000df500000)
  to   space 9216K, 0% used [0x00000000de300000,0x00000000de300000,0x00000000dec00000)
 ParOldGen       total 49664K, used 6720K [0x0000000082e00000, 0x0000000085e80000, 0x00000000d6500000)
  object space 49664K, 13% used [0x0000000082e00000,0x0000000083490228,0x0000000085e80000)
 Metaspace       used 28562K, capacity 30570K, committed 30848K, reserved 1075200K
  class space    used 3709K, capacity 4107K, committed 4224K, reserved 1048576K
Event: 5.129 GC heap after
Heap after GC invocations=8 (full 1):
 PSYoungGen      total 124416K, used 9191K [0x00000000d6500000, 0x00000000df500000, 0x0000000100000000)
  eden space 115200K, 0% used [0x00000000d6500000,0x00000000d6500000,0x00000000dd580000)
  from space 9216K, 99% used [0x00000000de300000,0x00000000debf9e90,0x00000000dec00000)
  to   space 8192K, 0% used [0x00000000ded00000,0x00000000ded00000,0x00000000df500000)
 ParOldGen       total 49664K, used 9553K [0x0000000082e00000, 0x0000000085e80000, 0x00000000d6500000)
  object space 49664K, 19% used [0x0000000082e00000,0x0000000083754440,0x0000000085e80000)
 Metaspace       used 28562K, capacity 30570K, committed 30848K, reserved 1075200K
  class space    used 3709K, capacity 4107K, committed 4224K, reserved 1048576K
}
Event: 6.287 GC heap before
{Heap before GC invocations=9 (full 1):
 PSYoungGen      total 124416K, used 97045K [0x00000000d6500000, 0x00000000df500000, 0x0000000100000000)
  eden space 115200K, 76% used [0x00000000d6500000,0x00000000dbacb7d0,0x00000000dd580000)
  from space 9216K, 99% used [0x00000000de300000,0x00000000debf9e90,0x00000000dec00000)
  to   space 8192K, 0% used [0x00000000ded00000,0x00000000ded00000,0x00000000df500000)
 ParOldGen       total 49664K, used 9553K [0x0000000082e00000, 0x0000000085e80000, 0x00000000d6500000)
  object space 49664K, 19% used [0x0000000082e00000,0x0000000083754440,0x0000000085e80000)
 Metaspace       used 33166K, capacity 35412K, committed 35496K, reserved 1079296K
  class space    used 4405K, capacity 4834K, committed 4864K, reserved 1048576K
Event: 6.299 GC heap after
Heap after GC invocations=9 (full 1):
 PSYoungGen      total 123392K, used 8181K [0x00000000d6500000, 0x00000000df500000, 0x0000000100000000)
  eden space 115200K, 0% used [0x00000000d6500000,0x00000000d6500000,0x00000000dd580000)
  from space 8192K, 99% used [0x00000000ded00000,0x00000000df4fd7c0,0x00000000df500000)
  to   space 9216K, 0% used [0x00000000de300000,0x00000000de300000,0x00000000dec00000)
 ParOldGen       total 49664K, used 11849K [0x0000000082e00000, 0x0000000085e80000, 0x00000000d6500000)
  object space 49664K, 23% used [0x0000000082e00000,0x0000000083992468,0x0000000085e80000)
 Metaspace       used 33166K, capacity 35412K, committed 35496K, reserved 1079296K
  class space    used 4405K, capacity 4834K, committed 4864K, reserved 1048576K
}
Event: 6.300 GC heap before
{Heap before GC invocations=10 (full 2):
 PSYoungGen      total 123392K, used 8181K [0x00000000d6500000, 0x00000000df500000, 0x0000000100000000)
  eden space 115200K, 0% used [0x00000000d6500000,0x00000000d6500000,0x00000000dd580000)
  from space 8192K, 99% used [0x00000000ded00000,0x00000000df4fd7c0,0x00000000df500000)
  to   space 9216K, 0% used [0x00000000de300000,0x00000000de300000,0x00000000dec00000)
 ParOldGen       total 49664K, used 11849K [0x0000000082e00000, 0x0000000085e80000, 0x00000000d6500000)
  object space 49664K, 23% used [0x0000000082e00000,0x0000000083992468,0x0000000085e80000)
 Metaspace       used 33166K, capacity 35412K, committed 35496K, reserved 1079296K
  class space    used 4405K, capacity 4834K, committed 4864K, reserved 1048576K
Event: 6.399 GC heap after
Heap after GC invocations=10 (full 2):
 PSYoungGen      total 123392K, used 0K [0x00000000d6500000, 0x00000000df500000, 0x0000000100000000)
  eden space 115200K, 0% used [0x00000000d6500000,0x00000000d6500000,0x00000000dd580000)
  from space 8192K, 0% used [0x00000000ded00000,0x00000000ded00000,0x00000000df500000)
  to   space 9216K, 0% used [0x00000000de300000,0x00000000de300000,0x00000000dec00000)
 ParOldGen       total 49664K, used 15338K [0x0000000082e00000, 0x0000000085e80000, 0x00000000d6500000)
  object space 49664K, 30% used [0x0000000082e00000,0x0000000083cfaa78,0x0000000085e80000)
 Metaspace       used 33166K, capacity 35412K, committed 35496K, reserved 1079296K
  class space    used 4405K, capacity 4834K, committed 4864K, reserved 1048576K
}

